<?xml version="1.0" encoding="UTF-8"?>
<testsuite name="ovh.lyrics.api.LyricsApiTest" tests="1" skipped="0" failures="0" errors="0" timestamp="2019-03-05T05:13:38" hostname="thiago" time="0.102">
  <properties/>
  <testcase name="Music lyrics not found" classname="ovh.lyrics.api.LyricsApiTest" time="0.102"/>
  <system-out><![CDATA[]]></system-out>
  <system-err><![CDATA[Mar 05, 2019 2:13:38 AM okhttp3.mockwebserver.MockWebServer$3 execute
INFO: MockWebServer[8080] starting to accept connections
Mar 05, 2019 2:13:38 AM okhttp3.mockwebserver.MockWebServer$4 processOneRequest
INFO: MockWebServer[8080] received request: GET /1234/Not%20found HTTP/1.1 and responded: HTTP/1.1 404 Client Error
Mar 05, 2019 2:13:38 AM okhttp3.mockwebserver.MockWebServer$3 acceptConnections
INFO: MockWebServer[8080] done accepting connections: Socket closed
]]></system-err>
</testsuite>
